*** Starting uWSGI 2.0.17.1 (64bit) on [Wed Jan 30 17:46:54 2019] ***
compiled with version: 7.3.0 on 30 January 2019 06:18:12
os: Linux-4.15.0-42-generic #45-Ubuntu SMP Thu Nov 15 19:32:57 UTC 2018
nodename: iZ2zefv1dbu9x7uv5f88rbZ
machine: x86_64
clock source: unix
detected number of CPU cores: 1
current working directory: /mysite
writing pidfile to /mysite/uwsgi.pid
detected binary path: /root/myblog/bin/uwsgi
!!! no internal routing support, rebuild with pcre support !!!
*** WARNING: you are running uWSGI as root !!! (use the --uid flag) *** 
chdir() to /mysite
your processes number limit is 7752
your memory page size is 4096 bytes
detected max file descriptor number: 65535
building mime-types dictionary from file /etc/mime.types...554 entry found
lock engine: pthread robust mutexes
thunder lock: enabled
bind(): Cannot assign requested address [core/socket.c line 769]
*** Starting uWSGI 2.0.17.1 (64bit) on [Wed Jan 30 17:48:40 2019] ***
compiled with version: 7.3.0 on 30 January 2019 06:18:12
os: Linux-4.15.0-42-generic #45-Ubuntu SMP Thu Nov 15 19:32:57 UTC 2018
nodename: iZ2zefv1dbu9x7uv5f88rbZ
machine: x86_64
clock source: unix
detected number of CPU cores: 1
current working directory: /mysite
writing pidfile to /mysite/uwsgi.pid
detected binary path: /root/myblog/bin/uwsgi
!!! no internal routing support, rebuild with pcre support !!!
*** WARNING: you are running uWSGI as root !!! (use the --uid flag) *** 
chdir() to /mysite
your processes number limit is 7752
your memory page size is 4096 bytes
detected max file descriptor number: 65535
building mime-types dictionary from file /etc/mime.types...554 entry found
lock engine: pthread robust mutexes
thunder lock: enabled
bind(): Cannot assign requested address [core/socket.c line 769]
*** Starting uWSGI 2.0.17.1 (64bit) on [Wed Jan 30 17:58:09 2019] ***
compiled with version: 7.3.0 on 30 January 2019 06:18:12
os: Linux-4.15.0-42-generic #45-Ubuntu SMP Thu Nov 15 19:32:57 UTC 2018
nodename: iZ2zefv1dbu9x7uv5f88rbZ
machine: x86_64
clock source: unix
detected number of CPU cores: 1
current working directory: /mysite
writing pidfile to /mysite/uwsgi.pid
detected binary path: /root/myblog/bin/uwsgi
!!! no internal routing support, rebuild with pcre support !!!
*** WARNING: you are running uWSGI as root !!! (use the --uid flag) *** 
chdir() to /mysite
your processes number limit is 7752
your memory page size is 4096 bytes
detected max file descriptor number: 65535
building mime-types dictionary from file /etc/mime.types...554 entry found
lock engine: pthread robust mutexes
thunder lock: enabled
bind(): Cannot assign requested address [core/socket.c line 769]
*** Starting uWSGI 2.0.17.1 (64bit) on [Wed Jan 30 18:02:44 2019] ***
compiled with version: 7.3.0 on 30 January 2019 06:18:12
os: Linux-4.15.0-42-generic #45-Ubuntu SMP Thu Nov 15 19:32:57 UTC 2018
nodename: iZ2zefv1dbu9x7uv5f88rbZ
machine: x86_64
clock source: unix
detected number of CPU cores: 1
current working directory: /mysite
writing pidfile to /mysite/uwsgi.pid
detected binary path: /root/myblog/bin/uwsgi
!!! no internal routing support, rebuild with pcre support !!!
*** WARNING: you are running uWSGI as root !!! (use the --uid flag) *** 
chdir() to /mysite
your processes number limit is 7752
your memory page size is 4096 bytes
detected max file descriptor number: 65535
building mime-types dictionary from file /etc/mime.types...554 entry found
lock engine: pthread robust mutexes
thunder lock: enabled
bind(): Cannot assign requested address [core/socket.c line 769]
